<?xml version="1.0" encoding="UTF-8"?>
<!-- Generated by org.testng.reporters.JUnitXMLReporter -->
<testsuite ignored="1" hostname="ABP-HQ2-QA18" failures="0" tests="10" name="Login TestCases" time="0.06" errors="0" timestamp="2022-05-08T05:28:51 WAT">
  <testcase classname="test.day1" name="Demo" time="0.004"/>
  <testcase classname="test.day2" name="Demo2" time="0.001"/>
  <testcase classname="test.day3" name="Demo3" time="0.001"/>
  <testcase classname="test.day3" name="Demo4" time="0.001"/>
  <testcase classname="test.day4" name="method1" time="0.0"/>
  <testcase classname="test.day4" name="method2" time="0.001"/>
  <testcase classname="test.day4" name="demo6" time="0.001"/>
  <testcase classname="test.day4" name="method3" time="0.001"/>
  <testcase classname="test.DataproviderwithMultidimesionalArray" name="login" time="0.001"/>
  <testcase classname="test.DataproviderwithMultidimesionalArray" name="login" time="0.001"/>
  <testcase classname="test.day4" name="method4" time="0.0">
    <ignored/>
  </testcase> <!-- method4 -->
</testsuite> <!-- Login TestCases -->
