<?xml version="1.0" encoding="UTF-8"?>
<!-- Generated by org.testng.reporters.JUnitXMLReporter -->
<testsuite ignored="0" hostname="ABP-HQ2-QA18" failures="0" tests="4" name="Login Testcase" time="0.067" errors="0" timestamp="2022-05-06T20:33:15 WAT">
  <testcase classname="test.day1" name="Demo" time="0.006"/>
  <testcase classname="test.day2" name="Demo2" time="0.001"/>
  <testcase classname="test.day3" name="Demo3" time="0.002"/>
  <testcase classname="test.day3" name="Demo4" time="0.002"/>
</testsuite> <!-- Login Testcase -->
