<?xml version="1.0" encoding="UTF-8"?>
<!-- Generated by org.testng.reporters.JUnitXMLReporter -->
<testsuite ignored="6" hostname="ABP-HQ2-QA18" failures="0" tests="3" name="Run few test cases" time="0.064" errors="0" timestamp="2022-05-17T08:10:22 WAT">
  <testcase classname="test.day2" name="Demo2" time="0.006"/>
  <testcase classname="test.day3" name="Demo4" time="0.001"/>
  <testcase classname="test.day4" name="demo6" time="0.001"/>
  <testcase classname="test.day3" name="Demo3" time="0.0">
    <ignored/>
  </testcase> <!-- Demo3 -->
  <testcase classname="test.day4" name="method1" time="0.0">
    <ignored/>
  </testcase> <!-- method1 -->
  <testcase classname="test.day4" name="method4" time="0.0">
    <ignored/>
  </testcase> <!-- method4 -->
  <testcase classname="test.day4" name="method2" time="0.0">
    <ignored/>
  </testcase> <!-- method2 -->
  <testcase classname="test.day1" name="Demo" time="0.0">
    <ignored/>
  </testcase> <!-- Demo -->
  <testcase classname="test.day4" name="method3" time="0.0">
    <ignored/>
  </testcase> <!-- method3 -->
</testsuite> <!-- Run few test cases -->
